<?xml version="1.0" encoding="UTF-8"?>
<testsuite name="Academy Choucair" tests="1" skipped="0" failures="0" errors="0" timestamp="2021-03-20T03:03:06" hostname="LAPTOP-E0U04B1D" time="18.523">
  <properties/>
  <testcase name="Search for automation course" classname="Academy Choucair" time="18.523"/>
  <system-out><![CDATA[]]></system-out>
  <system-err><![CDATA[[Test worker] WARN net.thucydides.core.steps.BaseStepListener - stepStarted: net.thucydides.core.steps.ExecutedStepDescription@41ec1897
[Test worker] WARN net.thucydides.core.steps.BaseStepListener - stepStarted: net.thucydides.core.steps.ExecutedStepDescription@bae7d28
[Test worker] WARN net.thucydides.core.steps.BaseStepListener - stepStarted: net.thucydides.core.steps.ExecutedStepDescription@34925e61
Mar 19, 2021 10:03:07 PM org.openqa.selenium.remote.DesiredCapabilities chrome
INFO: Using `new ChromeOptions()` is preferred to `DesiredCapabilities.chrome()`
[Test worker] INFO net.serenitybdd.core.webdriver.driverproviders.ProvideNewDriver - Instantiating driver
[Test worker] INFO net.serenitybdd.core.webdriver.driverproviders.ProvideNewDriver - Driver capabilities: Capabilities {acceptInsecureCerts: false, browserName: chrome, chrome.switches: --start-maximized, goog:chromeOptions: {args: [--start-maximized], extensions: []}, loggingPrefs: org.openqa.selenium.logging..., platform: ANY, version: }
Starting ChromeDriver 89.0.4389.23 (61b08ee2c50024bab004e48d2b1b083cdbdac579-refs/branch-heads/4389@{#294}) on port 5292
Only local connections are allowed.
Please see https://chromedriver.chromium.org/security-considerations for suggestions on keeping ChromeDriver safe.
ChromeDriver was started successfully.
Mar 19, 2021 10:03:11 PM org.openqa.selenium.remote.ProtocolHandshake createSession
INFO: Detected dialect: W3C
[Test worker] WARN net.thucydides.core.steps.BaseStepListener - stepFinished: current outcome:Search for automation course:Example: {strUser=1053844261, strPassword=Choucair2021*, strCourse=Recursos Automatización Bancolombia} [Given that brandon wants to learn automation at the academy Choucair
| strUser | strPassword |
| 1053844261 | Choucair2021* | [Brandon open up [Brandon opens the Choucair academy page]]]
[Test worker] WARN net.thucydides.core.steps.BaseStepListener - stepFinished: current outcome:Search for automation course:Example: {strUser=1053844261, strPassword=Choucair2021*, strCourse=Recursos Automatización Bancolombia} [Given that brandon wants to learn automation at the academy Choucair
| strUser | strPassword |
| 1053844261 | Choucair2021* | [Brandon open up [Brandon opens the Choucair academy page]]]
[Test worker] WARN net.thucydides.core.steps.BaseStepListener - stepStarted: net.thucydides.core.steps.ExecutedStepDescription@5ed221e1
[Test worker] WARN net.thucydides.core.steps.BaseStepListener - stepStarted: net.thucydides.core.steps.ExecutedStepDescription@54f07c58
[Test worker] WARN net.thucydides.core.steps.BaseStepListener - stepFinished: current outcome:Search for automation course:Example: {strUser=1053844261, strPassword=Choucair2021*, strCourse=Recursos Automatización Bancolombia} [Given that brandon wants to learn automation at the academy Choucair
| strUser | strPassword |
| 1053844261 | Choucair2021* | [Brandon open up [Brandon opens the Choucair academy page], Brandon login [Brandon clicks on button that shows us the form to login]]]
[Test worker] WARN net.thucydides.core.steps.BaseStepListener - stepStarted: net.thucydides.core.steps.ExecutedStepDescription@2d180d6a
[Test worker] WARN net.thucydides.core.steps.BaseStepListener - stepFinished: current outcome:Search for automation course:Example: {strUser=1053844261, strPassword=Choucair2021*, strCourse=Recursos Automatización Bancolombia} [Given that brandon wants to learn automation at the academy Choucair
| strUser | strPassword |
| 1053844261 | Choucair2021* | [Brandon open up [Brandon opens the Choucair academy page], Brandon login [Brandon clicks on button that shows us the form to login, Brandon enters '1053844261' into Where do we write the user]]]
[Test worker] WARN net.thucydides.core.steps.BaseStepListener - stepStarted: net.thucydides.core.steps.ExecutedStepDescription@81415ac
[Test worker] WARN net.thucydides.core.steps.BaseStepListener - stepFinished: current outcome:Search for automation course:Example: {strUser=1053844261, strPassword=Choucair2021*, strCourse=Recursos Automatización Bancolombia} [Given that brandon wants to learn automation at the academy Choucair
| strUser | strPassword |
| 1053844261 | Choucair2021* | [Brandon open up [Brandon opens the Choucair academy page], Brandon login [Brandon clicks on button that shows us the form to login, Brandon enters '1053844261' into Where do we write the user, Brandon enters 'Choucair2021*' into Where do we write the password]]]
[Test worker] WARN net.thucydides.core.steps.BaseStepListener - stepStarted: net.thucydides.core.steps.ExecutedStepDescription@70481467
[Test worker] WARN net.thucydides.core.steps.BaseStepListener - stepFinished: current outcome:Search for automation course:Example: {strUser=1053844261, strPassword=Choucair2021*, strCourse=Recursos Automatización Bancolombia} [Given that brandon wants to learn automation at the academy Choucair
| strUser | strPassword |
| 1053844261 | Choucair2021* | [Brandon open up [Brandon opens the Choucair academy page], Brandon login [Brandon clicks on button that shows us the form to login, Brandon enters '1053844261' into Where do we write the user, Brandon enters 'Choucair2021*' into Where do we write the password, Brandon clicks on button to confirm login]]]
[Test worker] WARN net.thucydides.core.steps.BaseStepListener - stepFinished: current outcome:Search for automation course:Example: {strUser=1053844261, strPassword=Choucair2021*, strCourse=Recursos Automatización Bancolombia} [Given that brandon wants to learn automation at the academy Choucair
| strUser | strPassword |
| 1053844261 | Choucair2021* | [Brandon open up [Brandon opens the Choucair academy page], Brandon login [Brandon clicks on button that shows us the form to login, Brandon enters '1053844261' into Where do we write the user, Brandon enters 'Choucair2021*' into Where do we write the password, Brandon clicks on button to confirm login]]]
[Test worker] WARN net.thucydides.core.steps.BaseStepListener - stepFinished: current outcome:Search for automation course:Example: {strUser=1053844261, strPassword=Choucair2021*, strCourse=Recursos Automatización Bancolombia} [Given that brandon wants to learn automation at the academy Choucair
| strUser | strPassword |
| 1053844261 | Choucair2021* | [Brandon open up [Brandon opens the Choucair academy page], Brandon login [Brandon clicks on button that shows us the form to login, Brandon enters '1053844261' into Where do we write the user, Brandon enters 'Choucair2021*' into Where do we write the password, Brandon clicks on button to confirm login]]]
[Test worker] WARN net.thucydides.core.steps.BaseStepListener - stepStarted: net.thucydides.core.steps.ExecutedStepDescription@63945c26
[Test worker] WARN net.thucydides.core.steps.BaseStepListener - stepFinished: current outcome:Search for automation course:Example: {strUser=1053844261, strPassword=Choucair2021*, strCourse=Recursos Automatización Bancolombia} [Given that brandon wants to learn automation at the academy Choucair
| strUser | strPassword |
| 1053844261 | Choucair2021* | [Brandon open up [Brandon opens the Choucair academy page], Brandon login [Brandon clicks on button that shows us the form to login, Brandon enters '1053844261' into Where do we write the user, Brandon enters 'Choucair2021*' into Where do we write the password, Brandon clicks on button to confirm login]], When he searches for the course on the choucair academy platform
| strCourse |
| Recursos Automatización Bancolombia |]
[Test worker] WARN net.thucydides.core.steps.BaseStepListener - stepStarted: net.thucydides.core.steps.ExecutedStepDescription@381a8a34
[Test worker] WARN net.thucydides.core.steps.BaseStepListener - stepFinished: current outcome:Search for automation course:Example: {strUser=1053844261, strPassword=Choucair2021*, strCourse=Recursos Automatización Bancolombia} [Given that brandon wants to learn automation at the academy Choucair
| strUser | strPassword |
| 1053844261 | Choucair2021* | [Brandon open up [Brandon opens the Choucair academy page], Brandon login [Brandon clicks on button that shows us the form to login, Brandon enters '1053844261' into Where do we write the user, Brandon enters 'Choucair2021*' into Where do we write the password, Brandon clicks on button to confirm login]], When he searches for the course on the choucair academy platform
| strCourse |
| Recursos Automatización Bancolombia |, Then he finds the course called
| strCourse |
| Recursos Automatización Bancolombia |]
[Test worker] WARN net.thucydides.core.steps.BaseStepListener - stepFinished: current outcome:Search for automation course:Example: {strUser=1053844261, strPassword=Choucair2021*, strCourse=Recursos Automatización Bancolombia} [Given that brandon wants to learn automation at the academy Choucair
| strUser | strPassword |
| 1053844261 | Choucair2021* | [Brandon open up [Brandon opens the Choucair academy page], Brandon login [Brandon clicks on button that shows us the form to login, Brandon enters '1053844261' into Where do we write the user, Brandon enters 'Choucair2021*' into Where do we write the password, Brandon clicks on button to confirm login]], When he searches for the course on the choucair academy platform
| strCourse |
| Recursos Automatización Bancolombia |, Then he finds the course called
| strCourse |
| Recursos Automatización Bancolombia |]
[Test worker] WARN net.thucydides.core.steps.BaseStepListener - testFinished: Search for automation course:Example: {strUser=1053844261, strPassword=Choucair2021*, strCourse=Recursos Automatización Bancolombia} [Given that brandon wants to learn automation at the academy Choucair
| strUser | strPassword |
| 1053844261 | Choucair2021* | [Brandon open up [Brandon opens the Choucair academy page], Brandon login [Brandon clicks on button that shows us the form to login, Brandon enters '1053844261' into Where do we write the user, Brandon enters 'Choucair2021*' into Where do we write the password, Brandon clicks on button to confirm login]], When he searches for the course on the choucair academy platform
| strCourse |
| Recursos Automatización Bancolombia |, Then he finds the course called
| strCourse |
| Recursos Automatización Bancolombia |]
[Test worker] WARN net.thucydides.core.steps.BaseStepListener - TestOutcomes: [Search for automation course:Example: {strUser=1053844261, strPassword=Choucair2021*, strCourse=Recursos Automatización Bancolombia} [Given that brandon wants to learn automation at the academy Choucair
| strUser | strPassword |
| 1053844261 | Choucair2021* | [Brandon open up [Brandon opens the Choucair academy page], Brandon login [Brandon clicks on button that shows us the form to login, Brandon enters '1053844261' into Where do we write the user, Brandon enters 'Choucair2021*' into Where do we write the password, Brandon clicks on button to confirm login]], When he searches for the course on the choucair academy platform
| strCourse |
| Recursos Automatización Bancolombia |, Then he finds the course called
| strCourse |
| Recursos Automatización Bancolombia |]]
[Test worker] WARN net.thucydides.core.steps.BaseStepListener - Final testOutcomes: [Search for automation course:Example: {strUser=1053844261, strPassword=Choucair2021*, strCourse=Recursos Automatización Bancolombia} [Given that brandon wants to learn automation at the academy Choucair
| strUser | strPassword |
| 1053844261 | Choucair2021* | [Brandon open up [Brandon opens the Choucair academy page], Brandon login [Brandon clicks on button that shows us the form to login, Brandon enters '1053844261' into Where do we write the user, Brandon enters 'Choucair2021*' into Where do we write the password, Brandon clicks on button to confirm login]], When he searches for the course on the choucair academy platform
| strCourse |
| Recursos Automatización Bancolombia |, Then he finds the course called
| strCourse |
| Recursos Automatización Bancolombia |]]
[Test worker] INFO net.thucydides.core.steps.ConsoleLoggingListener - 
        __    _____ _____ ____ _____   ____   _    ____  ____  _____ ____  
  _     \ \  |_   _| ____/ ___|_   _| |  _ \ / \  / ___|/ ___|| ____|  _ \ 
 (_)_____| |   | | |  _| \___ \ | |   | |_) / _ \ \___ \\___ \|  _| | | | |
  _|_____| |   | | | |___ ___) || |   |  __/ ___ \ ___) |___) | |___| |_| |
 (_)     | |   |_| |_____|____/ |_|   |_| /_/   \_\____/|____/|_____|____/ 
        /_/                                                                

TEST PASSED: Search for automation course
----------------------------------------------------------------------------
]]></system-err>
</testsuite>
